<?xml version="1.0" encoding="UTF-8"?>
<!-- Generated by org.testng.reporters.JUnitXMLReporter -->
<testsuite ignored="0" hostname="ATMECSINDT-083" failures="0" tests="2" name="Default test" time="0.103" errors="0" timestamp="23 Aug 2019 06:02:08 GMT">
  <testcase classname="TestNgSetup.TestngAttributeUsingMaven.Listener$Class1" name="sum" time="0.027"/>
  <testcase classname="TestNgSetup.TestngAttributeUsingMaven.Listener$Class1" name="testtofail" time="0.015"/>
</testsuite> <!-- Default test -->
