<?xml version="1.0" encoding="UTF-8"?>
<testng-results ignored="0" total="0" passed="0" failed="0" skipped="0">
  <reporter-output>
  </reporter-output>
  <suite started-at="2019-08-23T10:04:57 IST" name="TestNgSetup.TestngAttributeUsingMaven.AppTest" finished-at="2019-08-23T10:04:57 IST" duration-ms="32">
    <groups>
    </groups>
    <test started-at="2019-08-23T10:04:57 IST" name="Command line test" finished-at="2019-08-23T10:04:57 IST" duration-ms="32">
    </test> <!-- Command line test -->
  </suite> <!-- TestNgSetup.TestngAttributeUsingMaven.AppTest -->
</testng-results>
