<?xml version="1.0" encoding="UTF-8"?>
<testng-results ignored="0" total="2" passed="2" failed="0" skipped="0">
  <reporter-output>
  </reporter-output>
  <suite started-at="2019-08-23T06:02:07Z" name="Default suite" finished-at="2019-08-23T06:02:07Z" duration-ms="103">
    <groups>
    </groups>
    <test started-at="2019-08-23T06:02:07Z" name="Default test" finished-at="2019-08-23T06:02:07Z" duration-ms="103">
      <class name="TestNgSetup.TestngAttributeUsingMaven.Listener$Class1">
        <test-method signature="sum()[pri:0, instance:TestNgSetup.TestngAttributeUsingMaven.Listener$Class1@145eaa29]" started-at="2019-08-23T11:32:07Z" name="sum" finished-at="2019-08-23T11:32:07Z" duration-ms="27" status="PASS">
          <reporter-output>
          </reporter-output>
        </test-method> <!-- sum -->
        <test-method signature="testtofail()[pri:0, instance:TestNgSetup.TestngAttributeUsingMaven.Listener$Class1@145eaa29]" started-at="2019-08-23T11:32:07Z" name="testtofail" finished-at="2019-08-23T11:32:07Z" duration-ms="15" status="PASS">
          <reporter-output>
          </reporter-output>
        </test-method> <!-- testtofail -->
      </class> <!-- TestNgSetup.TestngAttributeUsingMaven.Listener$Class1 -->
    </test> <!-- Default test -->
  </suite> <!-- Default suite -->
</testng-results>
